[2024-12-20 13:23:37] INFO [liquibase.ui] ####################################################
##   _     _             _ _                      ##
##  | |   (_)           (_) |                     ##
##  | |    _  __ _ _   _ _| |__   __ _ ___  ___   ##
##  | |   | |/ _` | | | | | '_ \ / _` / __|/ _ \  ##
##  | |___| | (_| | |_| | | |_) | (_| \__ \  __/  ##
##  \_____/_|\__, |\__,_|_|_.__/ \__,_|___/\___|  ##
##              | |                               ##
##              |_|                               ##
##                                                ## 
##  Get documentation at docs.liquibase.com       ##
##  Get certified courses at learn.liquibase.com  ## 
##                                                ##
####################################################
Starting Liquibase at 13:23:37 using Java 17.0.11 (version 4.30.0 #4943 built at 2024-10-31 17:00+0000)
[2024-12-20 13:23:37] INFO [liquibase.ui] Liquibase Version: 4.30.0
[2024-12-20 13:23:37] INFO [liquibase.ui] Liquibase Pro 4.30.0 by Liquibase licensed to Liquibase_Customer_Success until Wed Dec 31 22:59:59 CST 2025
[2024-12-20 13:23:37] INFO [liquibase.integration] Starting command execution.
[2024-12-20 13:23:37] INFO [liquibase.ui] Executing Policy Checks against Changelogs/adeel1.sql

[2024-12-20 13:23:37] INFO [liquibase] Check settings configuration file located at 'file:///Users/adeelmalik/Desktop/LiquibaseHub/Netjets%20-%20Policy%20Checks/liquibase.checks-settings.conf'.
[2024-12-20 13:23:37] INFO [liquibase] Check settings configuration file contents read from 'file:///Users/adeelmalik/Desktop/LiquibaseHub/Netjets%20-%20Policy%20Checks/liquibase.checks-settings.conf'.
[2024-12-20 13:23:37] INFO [liquibase] The contents of this settings file are not versioned
[2024-12-20 13:23:37] INFO [liquibase.ui] WARNING: Additional checks have been added to 'liquibase.checks-settings.conf' and are disabled. To auto-enable new checks on upgrades, set '--auto-enable-new-checks=true'. Learn more at https://docs.liquibase.com/policy-checks
[2024-12-20 13:23:37] INFO [liquibase] Additional checks have been added to 'liquibase.checks-settings.conf' and are disabled. To auto-enable new checks on upgrades, set '--auto-enable-new-checks=true'. Learn more at https://docs.liquibase.com/policy-checks
[2024-12-20 13:23:38] INFO [liquibase.ui] Executing all changelog checks because a valid license key was found!

[2024-12-20 13:23:38] INFO [liquibase.ui] WARNING: No database checks were run. Make sure the checks-scope property includes "database" to run database checks. In the CLI set --checks-scope="changelog,database" or set an environment variable LIQUIBASE_COMMAND_CHECKS_SCOPE=database. Learn more at https://docs.liquibase.com/policy-checks

[2024-12-20 13:23:38] INFO [liquibase.ui] INFO: Checks executed against changes generated by PostgreSQL at jdbc:postgresql://localhost:5432/postgres.
[2024-12-20 13:23:38] INFO [liquibase.database] Set default schema name to public
[2024-12-20 13:23:38] INFO [liquibase.changelog] Reading from databasechangelog
[2024-12-20 13:23:38] INFO [liquibase.ui] INFO: Customize this output with the 'checks-output' property. See list of options with 'liquibase checks run --help' or https://docs.liquibase.com/policy-checks
[2024-12-20 13:23:38] INFO [liquibase.ui] INFO: The return code of all SQL Parser failures can be customized by setting the --sql-parser-fail-severity/LIQUIBASE_COMMAND_CHECKS_RUN_SQL_PARSER_FAIL_SEVERITY property, including setting it to '0' to prevent job interruptions. Learn more at https://docs.liquibase.com/policy-checks
[2024-12-20 13:23:38] INFO [liquibase.command] Generated JSON report
[2024-12-20 13:23:38] INFO [liquibase] A Pro Checks Run Report was not created!
** To generate a Checks Run report add command arg 'liquibase checks run --report-enabled=true'
** To generate all available Pro reports set liquibase.reports.enabled=true, or LIQUIBASE_REPORTS_ENABLED=true
[2024-12-20 13:23:38] INFO [liquibase.ui] A Pro Checks Run Report was not created!
** To generate a Checks Run report add command arg 'liquibase checks run --report-enabled=true'
** To generate all available Pro reports set liquibase.reports.enabled=true, or LIQUIBASE_REPORTS_ENABLED=true
[2024-12-20 13:23:38] INFO [liquibase.command] Logging exception.
[2024-12-20 13:23:38] INFO [liquibase.ui] ERROR: Exception Details
[2024-12-20 13:23:38] INFO [liquibase.ui] ERROR: Exception Primary Class:  CommandFailedException
[2024-12-20 13:23:38] INFO [liquibase.ui] ERROR: Exception Primary Reason:  Checks run command exited with error code of 4
[2024-12-20 13:23:38] INFO [liquibase.ui] ERROR: Exception Primary Source:  4.30.0
[2024-12-20 13:23:38] INFO [liquibase.command] Command execution complete
[2024-12-20 13:23:38] INFO [liquibase.ui] Logs saved to liquibase.log
[2024-12-20 13:30:39] INFO [liquibase.ui] ####################################################
##   _     _             _ _                      ##
##  | |   (_)           (_) |                     ##
##  | |    _  __ _ _   _ _| |__   __ _ ___  ___   ##
##  | |   | |/ _` | | | | | '_ \ / _` / __|/ _ \  ##
##  | |___| | (_| | |_| | | |_) | (_| \__ \  __/  ##
##  \_____/_|\__, |\__,_|_|_.__/ \__,_|___/\___|  ##
##              | |                               ##
##              |_|                               ##
##                                                ## 
##  Get documentation at docs.liquibase.com       ##
##  Get certified courses at learn.liquibase.com  ## 
##                                                ##
####################################################
Starting Liquibase at 13:30:39 using Java 17.0.11 (version 4.30.0 #4943 built at 2024-10-31 17:00+0000)
[2024-12-20 13:30:39] INFO [liquibase.ui] Liquibase Version: 4.30.0
[2024-12-20 13:30:39] INFO [liquibase.ui] Liquibase Pro 4.30.0 by Liquibase licensed to Liquibase_Customer_Success until Wed Dec 31 22:59:59 CST 2025
[2024-12-20 13:30:39] INFO [liquibase.integration] Starting command execution.
[2024-12-20 13:30:39] INFO [liquibase.ui] Executing Policy Checks against Changelogs/adeel1.sql

[2024-12-20 13:30:39] INFO [liquibase] Check settings configuration file located at 'file:///Users/adeelmalik/Desktop/LiquibaseHub/Netjets%20-%20Policy%20Checks/liquibase.checks-settings.conf'.
[2024-12-20 13:30:39] INFO [liquibase] Check settings configuration file contents read from 'file:///Users/adeelmalik/Desktop/LiquibaseHub/Netjets%20-%20Policy%20Checks/liquibase.checks-settings.conf'.
[2024-12-20 13:30:39] INFO [liquibase] The contents of this settings file are not versioned
[2024-12-20 13:30:39] INFO [liquibase.ui] WARNING: Additional checks have been added to 'liquibase.checks-settings.conf' and are disabled. To auto-enable new checks on upgrades, set '--auto-enable-new-checks=true'. Learn more at https://docs.liquibase.com/policy-checks
[2024-12-20 13:30:39] INFO [liquibase] Additional checks have been added to 'liquibase.checks-settings.conf' and are disabled. To auto-enable new checks on upgrades, set '--auto-enable-new-checks=true'. Learn more at https://docs.liquibase.com/policy-checks
[2024-12-20 13:30:39] INFO [liquibase.ui] Executing all changelog checks because a valid license key was found!

[2024-12-20 13:30:39] INFO [liquibase.ui] WARNING: No database checks were run. Make sure the checks-scope property includes "database" to run database checks. In the CLI set --checks-scope="changelog,database" or set an environment variable LIQUIBASE_COMMAND_CHECKS_SCOPE=database. Learn more at https://docs.liquibase.com/policy-checks

[2024-12-20 13:30:39] INFO [liquibase.ui] INFO: Checks executed against changes generated by PostgreSQL at jdbc:postgresql://localhost:5432/postgres.
[2024-12-20 13:30:39] INFO [liquibase.database] Set default schema name to public
[2024-12-20 13:30:39] INFO [liquibase.changelog] Reading from databasechangelog
[2024-12-20 13:30:39] INFO [liquibase.ui] INFO: Customize this output with the 'checks-output' property. See list of options with 'liquibase checks run --help' or https://docs.liquibase.com/policy-checks
[2024-12-20 13:30:39] INFO [liquibase.ui] INFO: The return code of all SQL Parser failures can be customized by setting the --sql-parser-fail-severity/LIQUIBASE_COMMAND_CHECKS_RUN_SQL_PARSER_FAIL_SEVERITY property, including setting it to '0' to prevent job interruptions. Learn more at https://docs.liquibase.com/policy-checks
[2024-12-20 13:30:39] INFO [liquibase.command] Generated JSON report
[2024-12-20 13:30:39] INFO [liquibase] A Pro Checks Run Report was not created!
** To generate a Checks Run report add command arg 'liquibase checks run --report-enabled=true'
** To generate all available Pro reports set liquibase.reports.enabled=true, or LIQUIBASE_REPORTS_ENABLED=true
[2024-12-20 13:30:39] INFO [liquibase.ui] A Pro Checks Run Report was not created!
** To generate a Checks Run report add command arg 'liquibase checks run --report-enabled=true'
** To generate all available Pro reports set liquibase.reports.enabled=true, or LIQUIBASE_REPORTS_ENABLED=true
[2024-12-20 13:30:39] INFO [liquibase.command] Logging exception.
[2024-12-20 13:30:39] INFO [liquibase.ui] ERROR: Exception Details
[2024-12-20 13:30:39] INFO [liquibase.ui] ERROR: Exception Primary Class:  CommandFailedException
[2024-12-20 13:30:39] INFO [liquibase.ui] ERROR: Exception Primary Reason:  Checks run command exited with error code of 4
[2024-12-20 13:30:39] INFO [liquibase.ui] ERROR: Exception Primary Source:  4.30.0
[2024-12-20 13:30:39] INFO [liquibase.command] Command execution complete
[2024-12-20 13:30:40] INFO [liquibase.ui] Logs saved to liquibase.log
[2024-12-20 13:30:40] INFO [liquibase.ui] Output saved to liquibase-output.log
